timestamp: 2018-01-19T15:40:27.962004
CREATE TABLE "auth_user"(
    "id" INTEGER PRIMARY KEY AUTOINCREMENT,
    "first_name" CHAR(128),
    "last_name" CHAR(128),
    "email" CHAR(512),
    "password" CHAR(512),
    "registration_key" CHAR(512),
    "reset_password_key" CHAR(512),
    "registration_id" CHAR(512)
);
success!
timestamp: 2018-01-19T15:40:28.095955
CREATE TABLE "auth_group"(
    "id" INTEGER PRIMARY KEY AUTOINCREMENT,
    "role" CHAR(512),
    "description" TEXT
);
success!
timestamp: 2018-01-19T15:40:28.206224
CREATE TABLE "auth_membership"(
    "id" INTEGER PRIMARY KEY AUTOINCREMENT,
    "user_id" INTEGER REFERENCES "auth_user" ("id") ON DELETE CASCADE  ,
    "group_id" INTEGER REFERENCES "auth_group" ("id") ON DELETE CASCADE  
);
success!
timestamp: 2018-01-19T15:40:28.312114
CREATE TABLE "auth_permission"(
    "id" INTEGER PRIMARY KEY AUTOINCREMENT,
    "group_id" INTEGER REFERENCES "auth_group" ("id") ON DELETE CASCADE  ,
    "name" CHAR(512),
    "table_name" CHAR(512),
    "record_id" INTEGER
);
success!
timestamp: 2018-01-19T15:40:28.418156
CREATE TABLE "auth_event"(
    "id" INTEGER PRIMARY KEY AUTOINCREMENT,
    "time_stamp" TIMESTAMP,
    "client_ip" CHAR(512),
    "user_id" INTEGER REFERENCES "auth_user" ("id") ON DELETE CASCADE  ,
    "origin" CHAR(512),
    "description" TEXT
);
success!
timestamp: 2018-01-19T15:40:28.543848
CREATE TABLE "auth_cas"(
    "id" INTEGER PRIMARY KEY AUTOINCREMENT,
    "user_id" INTEGER REFERENCES "auth_user" ("id") ON DELETE CASCADE  ,
    "created_on" TIMESTAMP,
    "service" CHAR(512),
    "ticket" CHAR(512),
    "renew" CHAR(1)
);
success!
timestamp: 2018-01-19T15:51:29.574279
CREATE TABLE "mytable"(
    "id" INTEGER PRIMARY KEY AUTOINCREMENT,
    "myfield" CHAR(512)
);
success!
timestamp: 2018-01-19T16:48:06.908345
CREATE TABLE "Course"(
    "id" INTEGER PRIMARY KEY AUTOINCREMENT,
    "course_name" CHAR(512),
    "code_code" CHAR(512)
);
success!
timestamp: 2018-03-01T17:56:49.932918
CREATE TABLE "Faculty"(
    "id" INTEGER PRIMARY KEY AUTOINCREMENT,
    "faculty_id" CHAR(512),
    "faculty_name" CHAR(512)
);
success!
timestamp: 2018-03-01T17:56:50.108936
ALTER TABLE "Course" ADD "course_id" CHAR(512);
timestamp: 2018-03-01T17:56:50.156751
ALTER TABLE "Course" ADD "faculty_id" INTEGER REFERENCES "Faculty" ("id") ON DELETE CASCADE  ;
success!
timestamp: 2018-03-01T17:56:50.227436
CREATE TABLE "Batches"(
    "id" INTEGER PRIMARY KEY AUTOINCREMENT,
    "batch_id" CHAR(512),
    "course_id" INTEGER REFERENCES "Course" ("id") ON DELETE CASCADE  
);
success!
timestamp: 2018-03-01T17:56:50.300223
CREATE TABLE "Student"(
    "id" INTEGER PRIMARY KEY AUTOINCREMENT,
    "student_id" CHAR(512),
    "student_name" CHAR(512),
    "batch_id" INTEGER REFERENCES "Batches" ("id") ON DELETE CASCADE  
);
success!
timestamp: 2018-03-01T17:56:50.390285
CREATE TABLE "image"(
    "id" INTEGER PRIMARY KEY AUTOINCREMENT,
    "student_id" INTEGER REFERENCES "Student" ("id") ON DELETE CASCADE  ,
    "image_file" CHAR(512)
);
success!
timestamp: 2018-03-01T17:56:50.469007
CREATE TABLE "Registered"(
    "id" INTEGER PRIMARY KEY AUTOINCREMENT,
    "course_id" INTEGER REFERENCES "Course" ("id") ON DELETE CASCADE  ,
    "student_id" INTEGER REFERENCES "Student" ("id") ON DELETE CASCADE  
);
success!
timestamp: 2018-03-01T17:56:50.547735
CREATE TABLE "Attendance"(
    "id" INTEGER PRIMARY KEY AUTOINCREMENT,
    "session_id" CHAR(512),
    "course_id" INTEGER REFERENCES "Course" ("id") ON DELETE CASCADE  ,
    "student_id" INTEGER REFERENCES "Student" ("id") ON DELETE CASCADE  ,
    "batch_id" INTEGER REFERENCES "Batches" ("id") ON DELETE CASCADE  ,
    "present" CHAR(1)
);
success!
success!
success!
success!
success!
success!
success!
success!
success!
success!
success!
success!
success!
success!
success!
success!
success!
success!
success!
success!
success!
success!
success!
success!
success!
success!
success!
success!
success!
success!
success!
success!
success!
success!
success!
success!
success!
success!
success!
success!
success!
success!
success!
success!
success!
success!
success!
success!
<<<<<<< Updated upstream
success!
success!
success!
success!
<<<<<<< HEAD
=======
>>>>>>> Stashed changes
=======
success!
success!
success!
success!
success!
success!
success!
success!
success!
success!
success!
success!
success!
success!
success!
success!
success!
success!
success!
success!
success!
success!
success!
success!
success!
success!
success!
success!
success!
success!
success!
success!
success!
success!
success!
success!
<<<<<<< HEAD
>>>>>>> master
success!
success!
success!
timestamp: 2018-03-03T14:58:57.766015
CREATE TABLE "Image_encod"(
    "id" INTEGER PRIMARY KEY AUTOINCREMENT,
    "encod" CHAR(512),
    "student_id" INTEGER REFERENCES "Student" ("id") ON DELETE CASCADE  
);
=======
success!
success!
success!
>>>>>>> master
success!
success!
success!
success!
success!
success!
success!
success!
success!
success!
success!
success!
success!
success!
success!
success!
<<<<<<< HEAD
success!
success!
success!
success!
success!
success!
success!
success!
success!
success!
success!
success!
success!
success!
success!
success!
success!
success!
success!
success!
success!
success!
success!
success!
success!
success!
success!
success!
success!
success!
success!
success!
success!
success!
success!
success!
success!
success!
success!
success!
success!
success!
success!
timestamp: 2018-03-03T16:50:12.306893
ALTER TABLE "image" ADD "image_encod" CHAR(512);
success!
success!
success!
success!
success!
success!
success!
success!
success!
success!
success!
=======
timestamp: 2018-03-02T15:41:14.077768
ALTER TABLE "image" ADD "student_name" INTEGER REFERENCES "Student" ("id") ON DELETE CASCADE  ;
>>>>>>> master
success!
success!
success!
success!
success!
success!
success!
success!
success!
success!
success!
success!
<<<<<<< Updated upstream
success!
success!
=======
>>>>>>> Stashed changes
success!
success!
success!
success!
success!
success!
success!
success!
success!
success!
success!
success!
success!
success!
success!
success!
success!
success!
success!
success!
success!
success!
success!
success!
success!
success!
success!
success!
success!
success!
success!
success!
success!
success!
success!
success!
success!
success!
success!
success!
success!
success!
success!
success!
success!
success!
success!
success!
success!
success!
success!
success!
success!
success!
success!
success!
success!
success!
success!
success!
success!
success!
success!
success!
success!
success!
success!
success!
success!
success!
success!
success!
success!
success!
success!
success!
success!
success!
success!
success!
success!
success!
success!
success!
success!
success!
success!
success!
success!
success!
success!
success!
success!
success!
success!
success!
success!
success!
success!
success!
success!
success!
success!
success!
success!
success!
success!
success!
success!
success!
success!
success!
success!
success!
success!
success!
success!
success!
success!
success!
success!
success!
success!
success!
success!
success!
success!
success!
success!
success!
success!
success!
success!
success!
success!
success!
success!
success!
success!
success!
success!
success!
success!
success!
success!
success!
success!
success!
success!
success!
success!
success!
success!
success!
success!
success!
success!
success!
success!
success!
success!
success!
success!
success!
success!
success!
success!
success!
success!
success!
success!
success!
success!
success!
success!
success!
success!
success!
success!
success!
success!
success!
success!
success!
success!
success!
success!
success!
success!
success!
success!
success!
success!
success!
success!
success!
success!
success!
success!
success!
success!
success!
success!
success!
success!
success!
success!
success!
success!
success!
success!
success!
success!
success!
success!
success!
success!
success!
success!
success!
success!
success!
success!
success!
success!
success!
success!
success!
success!
success!
success!
success!
success!
success!
